Flow report for TopLevel
Thu Apr 25 16:16:55 2024
Quartus II 64-Bit Version 13.1.0 Build 162 10/23/2013 SJ Web Edition


---------------------
; Table of Contents ;
---------------------
  1. Legal Notice
  2. Flow Summary
  3. Flow Settings
  4. Flow Non-Default Global Settings
  5. Flow Elapsed Time
  6. Flow OS Summary
  7. Flow Log
  8. Flow Messages
  9. Flow Suppressed Messages



----------------
; Legal Notice ;
----------------
Copyright (C) 1991-2013 Altera Corporation
Your use of Altera Corporation's design tools, logic functions 
and other software and tools, and its AMPP partner logic 
functions, and any output files from any of the foregoing 
(including device programming or simulation files), and any 
associated documentation or information are expressly subject 
to the terms and conditions of the Altera Program License 
Subscription Agreement, Altera MegaCore Function License 
Agreement, or other applicable license agreement, including, 
without limitation, that your use is for the sole purpose of 
programming logic devices manufactured by Altera and sold by 
Altera or its authorized distributors.  Please refer to the 
applicable agreement for further details.



+---------------------------------------------------------------------------------+
; Flow Summary                                                                    ;
+------------------------------------+--------------------------------------------+
; Flow Status                        ; Successful - Thu Apr 25 16:16:40 2024      ;
; Quartus II 64-Bit Version          ; 13.1.0 Build 162 10/23/2013 SJ Web Edition ;
; Revision Name                      ; TopLevel                                   ;
; Top-level Entity Name              ; TopLevel                                   ;
; Family                             ; Cyclone IV E                               ;
; Device                             ; EP4CE115F29C7                              ;
; Timing Models                      ; Final                                      ;
; Total logic elements               ; 3,140 / 114,480 ( 3 % )                    ;
;     Total combinational functions  ; 2,927 / 114,480 ( 3 % )                    ;
;     Dedicated logic registers      ; 1,747 / 114,480 ( 2 % )                    ;
; Total registers                    ; 1747                                       ;
; Total pins                         ; 1 / 529 ( < 1 % )                          ;
; Total virtual pins                 ; 0                                          ;
; Total memory bits                  ; 2,143,232 / 3,981,312 ( 54 % )             ;
; Embedded Multiplier 9-bit elements ; 0 / 532 ( 0 % )                            ;
; Total PLLs                         ; 0 / 4 ( 0 % )                              ;
+------------------------------------+--------------------------------------------+


+-----------------------------------------+
; Flow Settings                           ;
+-------------------+---------------------+
; Option            ; Setting             ;
+-------------------+---------------------+
; Start date & time ; 04/25/2024 16:15:45 ;
; Main task         ; Compilation         ;
; Revision Name     ; TopLevel            ;
+-------------------+---------------------+


+---------------------------------------------------------------------------------------------------------------------------------------------------------------------------------+
; Flow Non-Default Global Settings                                                                                                                                                ;
+-------------------------------------+-------------------------------------------------------+---------------+--------------------------------------------------+----------------+
; Assignment Name                     ; Value                                                 ; Default Value ; Entity Name                                      ; Section Id     ;
+-------------------------------------+-------------------------------------------------------+---------------+--------------------------------------------------+----------------+
; COMPILER_SIGNATURE_ID               ; 79846618009995.171404194516304                        ; --            ; --                                               ; --             ;
; EDA_OUTPUT_DATA_FORMAT              ; None                                                  ; --            ; --                                               ; eda_simulation ;
; IP_TOOL_ENV                         ; Qsys                                                  ; --            ; SoC                                              ; --             ;
; IP_TOOL_ENV                         ; Qsys                                                  ; --            ; SoC_cpu                                          ; --             ;
; IP_TOOL_ENV                         ; Qsys                                                  ; --            ; SoC_cpu_custom_instruction_master_multi_xconnect ; --             ;
; IP_TOOL_ENV                         ; Qsys                                                  ; --            ; SoC_high_resolution_timer                        ; --             ;
; IP_TOOL_ENV                         ; Qsys                                                  ; --            ; SoC_irq_mapper                                   ; --             ;
; IP_TOOL_ENV                         ; Qsys                                                  ; --            ; SoC_jtag_uart                                    ; --             ;
; IP_TOOL_ENV                         ; Qsys                                                  ; --            ; SoC_mm_interconnect_0                            ; --             ;
; IP_TOOL_ENV                         ; Qsys                                                  ; --            ; SoC_mm_interconnect_0_addr_router                ; --             ;
; IP_TOOL_ENV                         ; Qsys                                                  ; --            ; SoC_mm_interconnect_0_addr_router_001            ; --             ;
; IP_TOOL_ENV                         ; Qsys                                                  ; --            ; SoC_mm_interconnect_0_cmd_xbar_demux             ; --             ;
; IP_TOOL_ENV                         ; Qsys                                                  ; --            ; SoC_mm_interconnect_0_cmd_xbar_demux_001         ; --             ;
; IP_TOOL_ENV                         ; Qsys                                                  ; --            ; SoC_mm_interconnect_0_cmd_xbar_mux               ; --             ;
; IP_TOOL_ENV                         ; Qsys                                                  ; --            ; SoC_mm_interconnect_0_cmd_xbar_mux_002           ; --             ;
; IP_TOOL_ENV                         ; Qsys                                                  ; --            ; SoC_mm_interconnect_0_id_router                  ; --             ;
; IP_TOOL_ENV                         ; Qsys                                                  ; --            ; SoC_mm_interconnect_0_id_router_002              ; --             ;
; IP_TOOL_ENV                         ; Qsys                                                  ; --            ; SoC_mm_interconnect_0_rsp_xbar_demux             ; --             ;
; IP_TOOL_ENV                         ; Qsys                                                  ; --            ; SoC_mm_interconnect_0_rsp_xbar_demux_002         ; --             ;
; IP_TOOL_ENV                         ; Qsys                                                  ; --            ; SoC_mm_interconnect_0_rsp_xbar_mux               ; --             ;
; IP_TOOL_ENV                         ; Qsys                                                  ; --            ; SoC_mm_interconnect_0_rsp_xbar_mux_001           ; --             ;
; IP_TOOL_ENV                         ; Qsys                                                  ; --            ; SoC_onchip_mem                                   ; --             ;
; IP_TOOL_ENV                         ; Qsys                                                  ; --            ; SoC_sysid                                        ; --             ;
; IP_TOOL_ENV                         ; Qsys                                                  ; --            ; SoC_timer                                        ; --             ;
; IP_TOOL_ENV                         ; Qsys                                                  ; --            ; altera_avalon_sc_fifo                            ; --             ;
; IP_TOOL_ENV                         ; Qsys                                                  ; --            ; altera_customins_master_translator               ; --             ;
; IP_TOOL_ENV                         ; Qsys                                                  ; --            ; altera_customins_slave_translator                ; --             ;
; IP_TOOL_ENV                         ; Qsys                                                  ; --            ; altera_merlin_master_agent                       ; --             ;
; IP_TOOL_ENV                         ; Qsys                                                  ; --            ; altera_merlin_master_translator                  ; --             ;
; IP_TOOL_ENV                         ; Qsys                                                  ; --            ; altera_merlin_slave_agent                        ; --             ;
; IP_TOOL_ENV                         ; Qsys                                                  ; --            ; altera_merlin_slave_translator                   ; --             ;
; IP_TOOL_ENV                         ; Qsys                                                  ; --            ; altera_merlin_traffic_limiter                    ; --             ;
; IP_TOOL_ENV                         ; Qsys                                                  ; --            ; altera_reset_controller                          ; --             ;
; IP_TOOL_NAME                        ; Qsys                                                  ; --            ; SoC                                              ; --             ;
; IP_TOOL_NAME                        ; altera_nios2_qsys                                     ; --            ; SoC_cpu                                          ; --             ;
; IP_TOOL_NAME                        ; altera_customins_xconnect                             ; --            ; SoC_cpu_custom_instruction_master_multi_xconnect ; --             ;
; IP_TOOL_NAME                        ; altera_avalon_timer                                   ; --            ; SoC_high_resolution_timer                        ; --             ;
; IP_TOOL_NAME                        ; altera_irq_mapper                                     ; --            ; SoC_irq_mapper                                   ; --             ;
; IP_TOOL_NAME                        ; altera_avalon_jtag_uart                               ; --            ; SoC_jtag_uart                                    ; --             ;
; IP_TOOL_NAME                        ; altera_merlin_interconnect_wrapper                    ; --            ; SoC_mm_interconnect_0                            ; --             ;
; IP_TOOL_NAME                        ; altera_merlin_router                                  ; --            ; SoC_mm_interconnect_0_addr_router                ; --             ;
; IP_TOOL_NAME                        ; altera_merlin_router                                  ; --            ; SoC_mm_interconnect_0_addr_router_001            ; --             ;
; IP_TOOL_NAME                        ; altera_merlin_demultiplexer                           ; --            ; SoC_mm_interconnect_0_cmd_xbar_demux             ; --             ;
; IP_TOOL_NAME                        ; altera_merlin_demultiplexer                           ; --            ; SoC_mm_interconnect_0_cmd_xbar_demux_001         ; --             ;
; IP_TOOL_NAME                        ; altera_merlin_multiplexer                             ; --            ; SoC_mm_interconnect_0_cmd_xbar_mux               ; --             ;
; IP_TOOL_NAME                        ; altera_merlin_multiplexer                             ; --            ; SoC_mm_interconnect_0_cmd_xbar_mux_002           ; --             ;
; IP_TOOL_NAME                        ; altera_merlin_router                                  ; --            ; SoC_mm_interconnect_0_id_router                  ; --             ;
; IP_TOOL_NAME                        ; altera_merlin_router                                  ; --            ; SoC_mm_interconnect_0_id_router_002              ; --             ;
; IP_TOOL_NAME                        ; altera_merlin_demultiplexer                           ; --            ; SoC_mm_interconnect_0_rsp_xbar_demux             ; --             ;
; IP_TOOL_NAME                        ; altera_merlin_demultiplexer                           ; --            ; SoC_mm_interconnect_0_rsp_xbar_demux_002         ; --             ;
; IP_TOOL_NAME                        ; altera_merlin_multiplexer                             ; --            ; SoC_mm_interconnect_0_rsp_xbar_mux               ; --             ;
; IP_TOOL_NAME                        ; altera_merlin_multiplexer                             ; --            ; SoC_mm_interconnect_0_rsp_xbar_mux_001           ; --             ;
; IP_TOOL_NAME                        ; altera_avalon_onchip_memory2                          ; --            ; SoC_onchip_mem                                   ; --             ;
; IP_TOOL_NAME                        ; altera_avalon_sysid_qsys                              ; --            ; SoC_sysid                                        ; --             ;
; IP_TOOL_NAME                        ; altera_avalon_timer                                   ; --            ; SoC_timer                                        ; --             ;
; IP_TOOL_NAME                        ; altera_avalon_sc_fifo                                 ; --            ; altera_avalon_sc_fifo                            ; --             ;
; IP_TOOL_NAME                        ; altera_customins_master_translator                    ; --            ; altera_customins_master_translator               ; --             ;
; IP_TOOL_NAME                        ; altera_customins_slave_translator                     ; --            ; altera_customins_slave_translator                ; --             ;
; IP_TOOL_NAME                        ; altera_merlin_master_agent                            ; --            ; altera_merlin_master_agent                       ; --             ;
; IP_TOOL_NAME                        ; altera_merlin_master_translator                       ; --            ; altera_merlin_master_translator                  ; --             ;
; IP_TOOL_NAME                        ; altera_merlin_slave_agent                             ; --            ; altera_merlin_slave_agent                        ; --             ;
; IP_TOOL_NAME                        ; altera_merlin_slave_translator                        ; --            ; altera_merlin_slave_translator                   ; --             ;
; IP_TOOL_NAME                        ; altera_merlin_traffic_limiter                         ; --            ; altera_merlin_traffic_limiter                    ; --             ;
; IP_TOOL_NAME                        ; altera_reset_controller                               ; --            ; altera_reset_controller                          ; --             ;
; IP_TOOL_VERSION                     ; 13.1                                                  ; --            ; SoC                                              ; --             ;
; IP_TOOL_VERSION                     ; 13.1                                                  ; --            ; SoC_cpu                                          ; --             ;
; IP_TOOL_VERSION                     ; 13.1                                                  ; --            ; SoC_cpu_custom_instruction_master_multi_xconnect ; --             ;
; IP_TOOL_VERSION                     ; 13.1                                                  ; --            ; SoC_high_resolution_timer                        ; --             ;
; IP_TOOL_VERSION                     ; 13.1                                                  ; --            ; SoC_irq_mapper                                   ; --             ;
; IP_TOOL_VERSION                     ; 13.1                                                  ; --            ; SoC_jtag_uart                                    ; --             ;
; IP_TOOL_VERSION                     ; 13.1                                                  ; --            ; SoC_mm_interconnect_0                            ; --             ;
; IP_TOOL_VERSION                     ; 13.1                                                  ; --            ; SoC_mm_interconnect_0_addr_router                ; --             ;
; IP_TOOL_VERSION                     ; 13.1                                                  ; --            ; SoC_mm_interconnect_0_addr_router_001            ; --             ;
; IP_TOOL_VERSION                     ; 13.1                                                  ; --            ; SoC_mm_interconnect_0_cmd_xbar_demux             ; --             ;
; IP_TOOL_VERSION                     ; 13.1                                                  ; --            ; SoC_mm_interconnect_0_cmd_xbar_demux_001         ; --             ;
; IP_TOOL_VERSION                     ; 13.1                                                  ; --            ; SoC_mm_interconnect_0_cmd_xbar_mux               ; --             ;
; IP_TOOL_VERSION                     ; 13.1                                                  ; --            ; SoC_mm_interconnect_0_cmd_xbar_mux_002           ; --             ;
; IP_TOOL_VERSION                     ; 13.1                                                  ; --            ; SoC_mm_interconnect_0_id_router                  ; --             ;
; IP_TOOL_VERSION                     ; 13.1                                                  ; --            ; SoC_mm_interconnect_0_id_router_002              ; --             ;
; IP_TOOL_VERSION                     ; 13.1                                                  ; --            ; SoC_mm_interconnect_0_rsp_xbar_demux             ; --             ;
; IP_TOOL_VERSION                     ; 13.1                                                  ; --            ; SoC_mm_interconnect_0_rsp_xbar_demux_002         ; --             ;
; IP_TOOL_VERSION                     ; 13.1                                                  ; --            ; SoC_mm_interconnect_0_rsp_xbar_mux               ; --             ;
; IP_TOOL_VERSION                     ; 13.1                                                  ; --            ; SoC_mm_interconnect_0_rsp_xbar_mux_001           ; --             ;
; IP_TOOL_VERSION                     ; 13.1                                                  ; --            ; SoC_onchip_mem                                   ; --             ;
; IP_TOOL_VERSION                     ; 13.1                                                  ; --            ; SoC_sysid                                        ; --             ;
; IP_TOOL_VERSION                     ; 13.1                                                  ; --            ; SoC_timer                                        ; --             ;
; IP_TOOL_VERSION                     ; 13.1                                                  ; --            ; altera_avalon_sc_fifo                            ; --             ;
; IP_TOOL_VERSION                     ; 13.1                                                  ; --            ; altera_customins_master_translator               ; --             ;
; IP_TOOL_VERSION                     ; 13.1                                                  ; --            ; altera_customins_slave_translator                ; --             ;
; IP_TOOL_VERSION                     ; 13.1                                                  ; --            ; altera_merlin_master_agent                       ; --             ;
; IP_TOOL_VERSION                     ; 13.1                                                  ; --            ; altera_merlin_master_translator                  ; --             ;
; IP_TOOL_VERSION                     ; 13.1                                                  ; --            ; altera_merlin_slave_agent                        ; --             ;
; IP_TOOL_VERSION                     ; 13.1                                                  ; --            ; altera_merlin_slave_translator                   ; --             ;
; IP_TOOL_VERSION                     ; 13.1                                                  ; --            ; altera_merlin_traffic_limiter                    ; --             ;
; IP_TOOL_VERSION                     ; 13.1                                                  ; --            ; altera_reset_controller                          ; --             ;
; MAX_CORE_JUNCTION_TEMP              ; 85                                                    ; --            ; --                                               ; --             ;
; MIN_CORE_JUNCTION_TEMP              ; 0                                                     ; --            ; --                                               ; --             ;
; MISC_FILE                           ; SoC/synthesis/../../SoC.cmp                           ; --            ; --                                               ; --             ;
; MISC_FILE                           ; SoC/synthesis/../../SoC.qsys                          ; --            ; --                                               ; --             ;
; OUTPUT_IO_TIMING_FAR_END_VMEAS      ; Half Signal Swing                                     ; --            ; --                                               ; --             ;
; OUTPUT_IO_TIMING_FAR_END_VMEAS      ; Half Signal Swing                                     ; --            ; --                                               ; --             ;
; OUTPUT_IO_TIMING_NEAR_END_VMEAS     ; Half Vccio                                            ; --            ; --                                               ; --             ;
; OUTPUT_IO_TIMING_NEAR_END_VMEAS     ; Half Vccio                                            ; --            ; --                                               ; --             ;
; PARTITION_COLOR                     ; 16764057                                              ; --            ; --                                               ; Top            ;
; PARTITION_FITTER_PRESERVATION_LEVEL ; PLACEMENT_AND_ROUTING                                 ; --            ; --                                               ; Top            ;
; PARTITION_NETLIST_TYPE              ; SOURCE                                                ; --            ; --                                               ; Top            ;
; POWER_BOARD_THERMAL_MODEL           ; None (CONSERVATIVE)                                   ; --            ; --                                               ; --             ;
; POWER_PRESET_COOLING_SOLUTION       ; 23 MM HEAT SINK WITH 200 LFPM AIRFLOW                 ; --            ; --                                               ; --             ;
; PROJECT_OUTPUT_DIRECTORY            ; output_files                                          ; --            ; --                                               ; --             ;
; SLD_FILE                            ; SoC/synthesis/SoC.regmap                              ; --            ; --                                               ; --             ;
; SLD_FILE                            ; SoC/synthesis/SoC.debuginfo                           ; --            ; --                                               ; --             ;
; SLD_INFO                            ; QSYS_NAME SoC HAS_SOPCINFO 1 GENERATION_ID 1714041807 ; --            ; SoC                                              ; --             ;
; SOPCINFO_FILE                       ; SoC/synthesis/../../SoC.sopcinfo                      ; --            ; --                                               ; --             ;
; SYNTHESIS_ONLY_QIP                  ; On                                                    ; --            ; --                                               ; --             ;
+-------------------------------------+-------------------------------------------------------+---------------+--------------------------------------------------+----------------+


+-------------------------------------------------------------------------------------------------------------------------------+
; Flow Elapsed Time                                                                                                             ;
+---------------------------+--------------+-------------------------+---------------------+------------------------------------+
; Module Name               ; Elapsed Time ; Average Processors Used ; Peak Virtual Memory ; Total CPU Time (on all processors) ;
+---------------------------+--------------+-------------------------+---------------------+------------------------------------+
; Analysis & Synthesis      ; 00:00:19     ; 1.0                     ; 4780 MB             ; 00:00:08                           ;
; Fitter                    ; 00:00:27     ; 1.0                     ; 5226 MB             ; 00:00:16                           ;
; Assembler                 ; 00:00:14     ; 1.0                     ; 4641 MB             ; 00:00:03                           ;
; TimeQuest Timing Analyzer ; 00:00:14     ; 1.0                     ; 4753 MB             ; 00:00:02                           ;
; Total                     ; 00:01:14     ; --                      ; --                  ; 00:00:29                           ;
+---------------------------+--------------+-------------------------+---------------------+------------------------------------+


+----------------------------------------------------------------------------------------+
; Flow OS Summary                                                                        ;
+---------------------------+------------------+-----------+------------+----------------+
; Module Name               ; Machine Hostname ; OS Name   ; OS Version ; Processor type ;
+---------------------------+------------------+-----------+------------+----------------+
; Analysis & Synthesis      ; DESKTOP-E6QMQOI  ; Windows 7 ; 6.2        ; x86_64         ;
; Fitter                    ; DESKTOP-E6QMQOI  ; Windows 7 ; 6.2        ; x86_64         ;
; Assembler                 ; DESKTOP-E6QMQOI  ; Windows 7 ; 6.2        ; x86_64         ;
; TimeQuest Timing Analyzer ; DESKTOP-E6QMQOI  ; Windows 7 ; 6.2        ; x86_64         ;
+---------------------------+------------------+-----------+------------+----------------+


------------
; Flow Log ;
------------
quartus_map --read_settings_files=on --write_settings_files=off FirstSoc -c TopLevel
quartus_fit --read_settings_files=off --write_settings_files=off FirstSoc -c TopLevel
quartus_asm --read_settings_files=off --write_settings_files=off FirstSoc -c TopLevel
quartus_sta FirstSoc -c TopLevel



